This is TeX, Version 3.14159 (Web2C 7.4.5) (format=latex 2007.8.1)  30 SEP 2008 12:25
**report_sglt.tex
(./report_sglt.tex
LaTeX2e <2001/06/01>
Babel <v3.7h> and hyphenation patterns for american, french, german, ngerman, n
ohyphenation, loaded.
(./sigplanconf.cls
Document Class: sigplanconf 2007/03/13 v1.5 ACM SIGPLAN Proceedings
\@numheaddepth=\count79
(/usr/share/texmf/tex/latex/base/article.cls
Document Class: article 2001/04/21 v1.4e Standard LaTeX document class
(/usr/share/texmf/tex/latex/base/size10.clo
File: size10.clo 2001/04/21 v1.4e Standard LaTeX file (size option)
)
\c@part=\count80
\c@section=\count81
\c@subsection=\count82
\c@subsubsection=\count83
\c@paragraph=\count84
\c@subparagraph=\count85
\c@figure=\count86
\c@table=\count87
\abovecaptionskip=\skip41
\belowcaptionskip=\skip42
\bibindent=\dimen102
)
\standardtextwidth=\dimen103
\standardvspace=\skip43
\@sectionaboveskip=\skip44
\@sectionbelowskip=\skip45
\@subsectionaboveskip=\skip46
\@subsectionbelowskip=\skip47
\@paragraphaboveskip=\skip48
\@authorcount=\count88
\@titlenotecount=\count89
\@titlenotetext=\toks14
\@fnmark=\toks15
\@authori=\count90
\@measbox=\box26
)
(/usr/share/texmf/tex/latex/graphics/epsfig.sty
Package: epsfig 1999/02/16 v1.7a (e)psfig emulation (SPQR)

(/usr/share/texmf/tex/latex/graphics/graphicx.sty
Package: graphicx 1999/02/16 v1.0f Enhanced LaTeX Graphics (DPC,SPQR)

(/usr/share/texmf/tex/latex/graphics/keyval.sty
Package: keyval 1999/03/16 v1.13 key=value parser (DPC)
\KV@toks@=\toks16
)
(/usr/share/texmf/tex/latex/graphics/graphics.sty
Package: graphics 2001/07/07 v1.0n Standard LaTeX Graphics (DPC,SPQR)

(/usr/share/texmf/tex/latex/graphics/trig.sty
Package: trig 1999/03/16 v1.09 sin cos tan (DPC)
)
(/usr/share/texmf/tex/latex/config/graphics.cfg
File: graphics.cfg 2001/08/31 v1.1 graphics configuration of teTeX/TeXLive
)
Package graphics Info: Driver file: dvips.def on input line 80.

(/usr/share/texmf/tex/latex/graphics/dvips.def
File: dvips.def 1999/02/16 v3.0i Driver-dependant file (DPC,SPQR)
))
\Gin@req@height=\dimen104
\Gin@req@width=\dimen105
)
\epsfxsize=\dimen106
\epsfysize=\dimen107
) (./report_sglt.aux)
\openout1 = `report_sglt.aux'.

LaTeX Font Info:    Checking defaults for OML/cmm/m/it on input line 6.
LaTeX Font Info:    ... okay on input line 6.
LaTeX Font Info:    Checking defaults for T1/cmr/m/n on input line 6.
LaTeX Font Info:    ... okay on input line 6.
LaTeX Font Info:    Checking defaults for OT1/cmr/m/n on input line 6.
LaTeX Font Info:    ... okay on input line 6.
LaTeX Font Info:    Checking defaults for OMS/cmsy/m/n on input line 6.
LaTeX Font Info:    ... okay on input line 6.
LaTeX Font Info:    Checking defaults for OMX/cmex/m/n on input line 6.
LaTeX Font Info:    ... okay on input line 6.
LaTeX Font Info:    Checking defaults for U/cmr/m/n on input line 6.
LaTeX Font Info:    ... okay on input line 6.
LaTeX Font Info:    Try loading font information for OT1+ptm on input line 6.

(/usr/share/texmf/tex/latex/psnfss/ot1ptm.fd
File: ot1ptm.fd 2001/06/04 font definitions for OT1/ptm.
)
LaTeX Font Info:    Font shape `OT1/ptm/bx/n' in size <18> not available
(Font)              Font shape `OT1/ptm/b/n' tried instead on input line 17.
LaTeX Font Info:    Font shape `OT1/ptm/bx/n' in size <14> not available
(Font)              Font shape `OT1/ptm/b/n' tried instead on input line 17.
LaTeX Font Info:    Try loading font information for OMS+cmtt on input line 17.

LaTeX Font Info:    No file OMScmtt.fd. on input line 17.


LaTeX Font Warning: Font shape `OMS/cmtt/m/n' undefined
(Font)              using `OMS/cmsy/m/n' instead
(Font)              for symbol `textbraceleft' on input line 17.

LaTeX Font Info:    Font shape `OT1/ptm/bx/n' in size <11> not available
(Font)              Font shape `OT1/ptm/b/n' tried instead on input line 19.
LaTeX Font Info:    Try loading font information for OMS+ptm on input line 67.
(/usr/share/texmf/tex/latex/psnfss/omsptm.fd
File: omsptm.fd 
)
LaTeX Font Info:    Font shape `OMS/ptm/m/n' in size <8> not available
(Font)              Font shape `OMS/cmsy/m/n' tried instead on input line 67.

Underfull \vbox (badness 10000) has occurred while \output is active []

 [1


]
Underfull \vbox (badness 6396) has occurred while \output is active []

LaTeX Font Info:    Font shape `OT1/ptm/bx/n' in size <9> not available
(Font)              Font shape `OT1/ptm/b/n' tried instead on input line 98.

Overfull \hbox (4.93231pt too wide) in paragraph at lines 105--106
\OT1/ptm/m/n/9 The pre-sented im-ple-men-ta-tion is based on OpenGL binding(SGL
)[[]]
 []

[2]
LaTeX Font Info:    External font `cmex10' loaded for size
(Font)              <9> on input line 139.
LaTeX Font Info:    External font `cmex10' loaded for size
(Font)              <6> on input line 139.
LaTeX Font Info:    External font `cmex10' loaded for size
(Font)              <5> on input line 139.

Overfull \hbox (0.9722pt too wide) in paragraph at lines 151--151
[]                         \OT1/cmtt/m/n/9 shininess texture-object))[] 
 []


Overfull \hbox (0.9722pt too wide) in paragraph at lines 184--184
[]      \OT1/cmtt/m/n/9 (implementation? % convert-to-scene-graph<%>)[] 
 []


Overfull \hbox (0.9722pt too wide) in paragraph at lines 184--184
[]              \OT1/cmtt/m/n/9 convert-to-scene-graph interface\n"))[] 
 []


Overfull \hbox (0.9722pt too wide) in paragraph at lines 219--219
[]               \OT1/cmtt/m/n/9 texture-coords faces part-mtl-param)[] 
 []


Overfull \hbox (10.42209pt too wide) in paragraph at lines 219--219
[]               \OT1/cmtt/m/n/9 texture-coords faces part-mtl-param)))[] 
 []

[3]
Overfull \hbox (10.42209pt too wide) in paragraph at lines 234--234
[]          \OT1/cmtt/m/n/9 (cons (fish-type->scene-node (car fl) null)[] 
 []


Overfull \hbox (19.87198pt too wide) in paragraph at lines 234--234
[]            \OT1/cmtt/m/n/9 (fish-list->scene-node-list (cdr fl) null))[] 
 []


Overfull \hbox (4.75255pt too wide) in paragraph at lines 259--260
\OT1/ptm/m/n/9 which is not a leaf, and the sec-ond \OT1/cmtt/m/n/9 initialize-
scene-leaf-node
 []


Overfull \hbox (0.9722pt too wide) in paragraph at lines 307--307
[]     \OT1/cmtt/m/n/9 void (*func)(unsigned char key,int x, int y));[] 
 []


Overfull \hbox (10.42209pt too wide) in paragraph at lines 307--307
[]     \OT1/cmtt/m/n/9 void (*func)(int btn, int state, int x, int y));[] 
 []

[4]
Overfull \hbox (35.3552pt too wide) in paragraph at lines 378--380
[]\OT1/ptm/m/n/9 The re-cur-sive func-tion \OT1/cmtt/m/n/9 pick \OT1/ptm/m/n/9 
even-tu-ally calls \OT1/cmtt/m/n/9 pick-list-of-renderers
 []

[5]
Overfull \hbox (23.81407pt too wide) in paragraph at lines 460--461
\OT1/ptm/m/n/9 use the ini-tial-iza-tion pro-ce-dures for \OT1/cmtt/m/n/9 scene
-node \OT1/ptm/m/n/9 and \OT1/cmtt/m/n/9 scene-leaf-node\OT1/ptm/m/n/9 . 
 []


Overfull \hbox (2.25348pt too wide) in paragraph at lines 507--507
[]         \OT1/cmtt/m/n/8 points normals texture-coords faces mtl-param)])[] 
 []


Overfull \hbox (19.25372pt too wide) in paragraph at lines 540--540
[]      \OT1/cmtt/m/n/8 [orientation (obj-scene-object-orientation f-s-object)]
[] 
 []


Overfull \hbox (6.50354pt too wide) in paragraph at lines 540--540
[]      \OT1/cmtt/m/n/8 [xform (pos_orient->transform position orientation)][] 

 []


Overfull \hbox (6.50354pt too wide) in paragraph at lines 540--540
[]                           \OT1/cmtt/m/n/8 vertices (car parts) mat-table)[] 

 []


Overfull \hbox (2.25348pt too wide) in paragraph at lines 540--540
[]                      \OT1/cmtt/m/n/8 vertices (cdr parts) mat-table)))])[] 
 []


Overfull \hbox (32.0039pt too wide) in paragraph at lines 540--540
[]        \OT1/cmtt/m/n/8 #:n (if (string? mtllib) (string->symbol mtllib) mtll
ib)[] 
 []

File: scene_example.eps Graphic file (type eps)
<scene_example.eps> [6] (./report_sglt.bbl) [7] (./report_sglt.aux)

LaTeX Font Warning: Some font shapes were not available, defaults substituted.

 )
(\end occurred inside a group at level 1) 
Here is how much of TeX's memory you used:
 834 strings out of 95847
 9679 string characters out of 1194790
 67074 words of memory out of 1000001
 3797 multiletter control sequences out of 10000+50000
 12574 words of font info for 36 fonts, out of 500000 for 1000
 14 hyphenation exceptions out of 1000
 32i,5n,21p,1172b,382s stack positions out of 1500i,500n,5000p,200000b,5000s

Output written on report_sglt.dvi (7 pages, 50128 bytes).
